#
# There is insufficient memory for the Java Runtime Environment to continue.
# Native memory allocation (mmap) failed to map 536870912 bytes. Error detail: G1 virtual space
# Possible reasons:
#   The system is out of physical RAM or swap space
#   This process is running with CompressedOops enabled, and the Java Heap may be blocking the growth of the native heap
# Possible solutions:
#   Reduce memory load on the system
#   Increase physical memory or swap space
#   Check if swap backing store is full
#   Decrease Java heap size (-Xmx/-Xms)
#   Decrease number of Java threads
#   Decrease Java thread stack sizes (-Xss)
#   Set larger code cache with -XX:ReservedCodeCacheSize=
#   JVM is running with Zero Based Compressed Oops mode in which the Java heap is
#     placed in the first 32GB address space. The Java Heap base address is the
#     maximum limit for the native heap growth. Please use -XX:HeapBaseMinAddress
#     to set the Java Heap base and to place the Java Heap above 32GB virtual address.
# This output file may be truncated or incomplete.
#
#  Out of Memory Error (os_windows.cpp:3925), pid=7040, tid=7976
#
# JRE version:  (21.0.8+1) (build )
# Java VM: OpenJDK 64-Bit Server VM (21.0.8+1-b1038.72, mixed mode, sharing, tiered, compressed oops, compressed class ptrs, g1 gc, windows-amd64)
# No core dump will be written. Minidumps are not enabled by default on client versions of Windows
#

---------------  S U M M A R Y ------------

Command Line: git4idea.http.GitAskPassApp Username for 'https://github.com': 

Host: AMD Ryzen 7 5700X 8-Core Processor             , 16 cores, 31G,  Windows 11 , 64 bit Build 26100 (10.0.26100.5074)
Time: Tue Dec 30 17:33:34 2025 Hora oficial do Brasil elapsed time: 1.077535 seconds (0d 0h 0m 1s)

---------------  T H R E A D  ---------------

Current thread (0x0000017ce47f18a0):  JavaThread "Unknown thread" [_thread_in_vm, id=7976, stack(0x0000001bf6400000,0x0000001bf6500000) (1024K)]

Stack: [0x0000001bf6400000,0x0000001bf6500000]
Native frames: (J=compiled Java code, j=interpreted, Vv=VM code, C=native code)
V  [jvm.dll+0x6ebeb9]
V  [jvm.dll+0x8cbec3]
V  [jvm.dll+0x8ce47e]
V  [jvm.dll+0x8ceb63]
V  [jvm.dll+0x28adf6]
V  [jvm.dll+0x6e8695]
V  [jvm.dll+0x6dbeea]
V  [jvm.dll+0x36689b]
V  [jvm.dll+0x36e466]
V  [jvm.dll+0x3c08c6]
V  [jvm.dll+0x3c0b98]
V  [jvm.dll+0x3390cc]
V  [jvm.dll+0x339dbb]
V  [jvm.dll+0x893349]
V  [jvm.dll+0x3cda98]
V  [jvm.dll+0x87c368]
V  [jvm.dll+0x46283e]
V  [jvm.dll+0x464521]
C  [jli.dll+0x52ab]
C  [ucrtbase.dll+0x37b0]
C  [KERNEL32.DLL+0x2e8d7]
C  [ntdll.dll+0x8d9c]


---------------  P R O C E S S  ---------------

Threads class SMR info:
_java_thread_list=0x00007ff91a5732c8, length=0, elements={
}

Java Threads: ( => current thread )
Total: 0

Other Threads:
  0x0000017ce6d02c20 WorkerThread "GC Thread#0"                     [id=26644, stack(0x0000001bf6500000,0x0000001bf6600000) (1024K)]
  0x0000017ce6d13ea0 ConcurrentGCThread "G1 Main Marker"            [id=11944, stack(0x0000001bf6600000,0x0000001bf6700000) (1024K)]
  0x0000017ce6d15cb0 WorkerThread "G1 Conc#0"                       [id=12104, stack(0x0000001bf6700000,0x0000001bf6800000) (1024K)]

[error occurred during error reporting (printing all threads), id 0xc0000005, EXCEPTION_ACCESS_VIOLATION (0xc0000005) at pc=0x00007ff919c5c0b7]
VM state: not at safepoint (not fully initialized)

VM Mutex/Monitor currently owned by a thread:  ([mutex/lock_event])
[0x00007ff91a5e7d58] Heap_lock - owner thread: 0x0000017ce47f18a0

Heap address: 0x0000000600c00000, size: 8180 MB, Compressed Oops mode: Zero based, Oop shift amount: 3

CDS archive(s) mapped at: [0x0000000000000000-0x0000000000000000-0x0000000000000000), size 0, SharedBaseAddress: 0x0000000800000000, ArchiveRelocationMode: 1.
Narrow klass base: 0x0000000000000000, Narrow klass shift: 0, Narrow klass range: 0x0

GC Precious Log:
 CardTable entry size: 512
 Card Set container configuration: InlinePtr #cards 4 size 8 Array Of Cards #cards 32 size 80 Howl #buckets 8 coarsen threshold 7372 Howl Bitmap #cards 1024 size 144 coarsen threshold 921 Card regions per heap region 1 cards per card region 8192

Heap:
 garbage-first heap   total 0K, used 0K [0x0000000600c00000, 0x0000000800000000)
  region size 4096K, 0 young (0K), 0 survivors (0K)
 Metaspace       used 0K, committed 0K, reserved 0K
  class space    used 0K, committed 0K, reserved 0K

Heap Regions: E=young(eden), S=young(survivor), O=old, HS=humongous(starts), HC=humongous(continues), CS=collection set, F=free, TAMS=top-at-mark-start, PB=parsable bottom

Card table byte_map: [0x0000017cfb530000,0x0000017cfc530000] _byte_map_base: 0x0000017cf852a000

Marking Bits: (CMBitMap*) 0x0000017ce6d03320
 Bits: [0x0000017c80000000, 0x0000017c87fd0000)

GC Heap History (0 events):
No events

Dll operation events (1 events):
Event: 0.013 Loaded shared library C:\Program Files\JetBrains\IntelliJ IDEA Community Edition 2025.2.3\jbr\bin\java.dll

Deoptimization events (0 events):
No events

Classes loaded (0 events):
No events

Classes unloaded (0 events):
No events

Classes redefined (0 events):
No events

Internal exceptions (0 events):
No events

ZGC Phase Switch (0 events):
No events

VM Operations (0 events):
No events

Memory protections (0 events):
No events

Nmethod flushes (0 events):
No events

Events (0 events):
No events


Dynamic libraries:
0x00007ff663610000 - 0x00007ff66361a000 	C:\Program Files\JetBrains\IntelliJ IDEA Community Edition 2025.2.3\jbr\bin\java.exe
0x00007ff978f80000 - 0x00007ff9791e9000 	C:\Windows\SYSTEM32\ntdll.dll
0x00007ff977100000 - 0x00007ff9771c9000 	C:\Windows\System32\KERNEL32.DLL
0x00007ff9763e0000 - 0x00007ff9767d3000 	C:\Windows\System32\KERNELBASE.dll
0x00007ff9761e0000 - 0x00007ff97632b000 	C:\Windows\System32\ucrtbase.dll
0x00007ff957e70000 - 0x00007ff957e8b000 	C:\Program Files\JetBrains\IntelliJ IDEA Community Edition 2025.2.3\jbr\bin\VCRUNTIME140.dll
0x00007ff949b20000 - 0x00007ff949b38000 	C:\Program Files\JetBrains\IntelliJ IDEA Community Edition 2025.2.3\jbr\bin\jli.dll
0x00007ff977410000 - 0x00007ff9775d4000 	C:\Windows\System32\USER32.dll
0x00007ff95fe50000 - 0x00007ff9600e3000 	C:\Windows\WinSxS\amd64_microsoft.windows.common-controls_6595b64144ccf1df_6.0.26100.5074_none_3e0d6f78e32fd63f\COMCTL32.dll
0x00007ff9781d0000 - 0x00007ff978279000 	C:\Windows\System32\msvcrt.dll
0x00007ff9761b0000 - 0x00007ff9761d7000 	C:\Windows\System32\win32u.dll
0x00007ff9770d0000 - 0x00007ff9770fb000 	C:\Windows\System32\GDI32.dll
0x00007ff976950000 - 0x00007ff976a7d000 	C:\Windows\System32\gdi32full.dll
0x00007ff976330000 - 0x00007ff9763d3000 	C:\Windows\System32\msvcp_win.dll
0x00007ff978730000 - 0x00007ff97875f000 	C:\Windows\System32\IMM32.DLL
0x00007ff9714e0000 - 0x00007ff9714ec000 	C:\Program Files\JetBrains\IntelliJ IDEA Community Edition 2025.2.3\jbr\bin\vcruntime140_1.dll
0x00007ff9353a0000 - 0x00007ff93542d000 	C:\Program Files\JetBrains\IntelliJ IDEA Community Edition 2025.2.3\jbr\bin\msvcp140.dll
0x00007ff919910000 - 0x00007ff91a6db000 	C:\Program Files\JetBrains\IntelliJ IDEA Community Edition 2025.2.3\jbr\bin\server\jvm.dll
0x00007ff9771d0000 - 0x00007ff977284000 	C:\Windows\System32\ADVAPI32.dll
0x00007ff978440000 - 0x00007ff9784e6000 	C:\Windows\System32\sechost.dll
0x00007ff9775e0000 - 0x00007ff9776f8000 	C:\Windows\System32\RPCRT4.dll
0x00007ff977360000 - 0x00007ff9773d4000 	C:\Windows\System32\WS2_32.dll
0x00007ff975de0000 - 0x00007ff975e3e000 	C:\Windows\SYSTEM32\POWRPROF.dll
0x00007ff9697f0000 - 0x00007ff969825000 	C:\Windows\SYSTEM32\WINMM.dll
0x00007ff96f7d0000 - 0x00007ff96f7db000 	C:\Windows\SYSTEM32\VERSION.dll
0x00007ff975dc0000 - 0x00007ff975dd4000 	C:\Windows\SYSTEM32\UMPDC.dll
0x00007ff974ef0000 - 0x00007ff974f0b000 	C:\Windows\SYSTEM32\kernel.appcore.dll
0x00007ff95b1a0000 - 0x00007ff95b1aa000 	C:\Program Files\JetBrains\IntelliJ IDEA Community Edition 2025.2.3\jbr\bin\jimage.dll
0x00007ff968c90000 - 0x00007ff968ed2000 	C:\Windows\SYSTEM32\DBGHELP.DLL
0x00007ff976d50000 - 0x00007ff9770cb000 	C:\Windows\System32\combase.dll
0x00007ff9779a0000 - 0x00007ff977a77000 	C:\Windows\System32\OLEAUT32.dll
0x00007ff95a220000 - 0x00007ff95a25d000 	C:\Windows\SYSTEM32\dbgcore.DLL
0x00007ff976110000 - 0x00007ff9761a9000 	C:\Windows\System32\bcryptPrimitives.dll
0x00007ff957e00000 - 0x00007ff957e20000 	C:\Program Files\JetBrains\IntelliJ IDEA Community Edition 2025.2.3\jbr\bin\java.dll

JVMTI agents: none

dbghelp: loaded successfully - version: 4.0.5 - missing functions: none
symbol engine: initialized successfully - sym options: 0x614 - pdb path: .;C:\Program Files\JetBrains\IntelliJ IDEA Community Edition 2025.2.3\jbr\bin;C:\Windows\SYSTEM32;C:\Windows\WinSxS\amd64_microsoft.windows.common-controls_6595b64144ccf1df_6.0.26100.5074_none_3e0d6f78e32fd63f;C:\Program Files\JetBrains\IntelliJ IDEA Community Edition 2025.2.3\jbr\bin\server

VM Arguments:
java_command: git4idea.http.GitAskPassApp Username for 'https://github.com': 
java_class_path (initial): C:/Program Files/JetBrains/IntelliJ IDEA Community Edition 2025.2.3/plugins/vcs-git/lib/git4idea-rt.jar;C:/Program Files/JetBrains/IntelliJ IDEA Community Edition 2025.2.3/lib/externalProcess-rt.jar
Launcher Type: SUN_STANDARD

[Global flags]
     intx CICompilerCount                          = 12                                        {product} {ergonomic}
     uint ConcGCThreads                            = 3                                         {product} {ergonomic}
     uint G1ConcRefinementThreads                  = 13                                        {product} {ergonomic}
   size_t G1HeapRegionSize                         = 4194304                                   {product} {ergonomic}
    uintx GCDrainStackTargetSize                   = 64                                        {product} {ergonomic}
   size_t InitialHeapSize                          = 536870912                                 {product} {ergonomic}
   size_t MarkStackSize                            = 4194304                                   {product} {ergonomic}
   size_t MaxHeapSize                              = 8577351680                                {product} {ergonomic}
   size_t MinHeapDeltaBytes                        = 4194304                                   {product} {ergonomic}
   size_t MinHeapSize                              = 8388608                                   {product} {ergonomic}
    uintx NonNMethodCodeHeapSize                   = 7602480                                {pd product} {ergonomic}
    uintx NonProfiledCodeHeapSize                  = 122027880                              {pd product} {ergonomic}
    uintx ProfiledCodeHeapSize                     = 122027880                              {pd product} {ergonomic}
    uintx ReservedCodeCacheSize                    = 251658240                              {pd product} {ergonomic}
     bool SegmentedCodeCache                       = true                                      {product} {ergonomic}
   size_t SoftMaxHeapSize                          = 8577351680                             {manageable} {ergonomic}
     bool UseCompressedOops                        = true                           {product lp64_product} {ergonomic}
     bool UseG1GC                                  = true                                      {product} {ergonomic}
     bool UseLargePagesIndividualAllocation        = false                                  {pd product} {ergonomic}

Logging:
Log output configuration:
 #0: stdout all=warning uptime,level,tags foldmultilines=false
 #1: stderr all=off uptime,level,tags foldmultilines=false

Environment Variables:
PATH=C:/Program Files/Git/mingw64/libexec/git-core;C:/Program Files/Git/mingw64/libexec/git-core;C:\Program Files\Git\mingw64\bin;C:\Program Files\Git\usr\bin;C:\Users\Admin\bin;C:\Program Files\Common Files\Oracle\Java\javapath;C:\Program Files (x86)\Common Files\Oracle\Java\java8path;C:\Program Files (x86)\Common Files\Oracle\Java\javapath;C:\Program Files\Eclipse Adoptium\jdk-21.0.8.9-hotspot\bin;C:\Program Files\Eclipse Adoptium\jdk-17.0.16.8-hotspot\bin;C:\Program Files\Eclipse Adoptium\jdk-25.0.0.36-hotspot\bin;C:\Windows\system32;C:\Windows;C:\Windows\System32\Wbem;C:\Windows\System32\WindowsPowerShell\v1.0\;C:\Windows\System32\OpenSSH\;C:\Program Files\NVIDIA Corporation\NVIDIA App\NvDLISR;C:\Program Files (x86)\NVIDIA Corporation\PhysX\Common;C:\Program Files\Git\cmd;C:\Program Files\cursor\resources\app\bin;C:\Users\Admin\AppData\Local\Microsoft\WindowsApps;C:\Users\Admin\AppData\Local\Programs\Microsoft VS Code\bin;C:\Users\Admin\AppData\Local\Python\bin
USERNAME=Admin
DISPLAY=:0.0
LC_ALL=en_US.UTF-8
TERM=xterm-256color
TMPDIR=C:\Users\Admin\AppData\Local\Temp
OS=Windows_NT
PROCESSOR_IDENTIFIER=AMD64 Family 25 Model 33 Stepping 2, AuthenticAMD
TMP=C:\Users\Admin\AppData\Local\Temp
TEMP=C:\Users\Admin\AppData\Local\Temp




Periodic native trim disabled

JNI global refs:
JNI global refs: 0, weak refs: 0

JNI global refs memory usage: 0, weak refs: 0

Process memory usage:
Resident Set Size: 13808K (0% of 33499492K total physical memory with 1628600K free physical memory)

OOME stack traces (most recent first):
Classloader memory used:

---------------  S Y S T E M  ---------------

OS:
 Windows 11 , 64 bit Build 26100 (10.0.26100.5074)
OS uptime: 6 days 2:06 hours

CPU: total 16 (initial active 16) (16 cores per cpu, 2 threads per core) family 25 model 33 stepping 2 microcode 0xa20120a, cx8, cmov, fxsr, ht, mmx, 3dnowpref, sse, sse2, sse3, ssse3, sse4a, sse4.1, sse4.2, popcnt, lzcnt, tsc, tscinvbit, avx, avx2, aes, erms, clmul, bmi1, bmi2, adx, sha, fma, vzeroupper, clflush, clflushopt, rdtscp, rdpid, fsrm, f16c, pku, cet_ss
Processor Information for the first 16 processors :
  Max Mhz: 3401, Current Mhz: 3401, Mhz Limit: 3401

Memory: 4k page, system-wide physical 32714M (1590M free)
TotalPageFile size 40906M (AvailPageFile size 65M)
current process WorkingSet (physical memory assigned to process): 13M, peak: 13M
current process commit charge ("private bytes"): 71M, peak: 583M

vm_info: OpenJDK 64-Bit Server VM (21.0.8+1-b1038.72) for windows-amd64 JRE (21.0.8+1-b1038.72), built on 2025-09-08 by "builduser" with MS VC++ 16.10 / 16.11 (VS2019)

END.
